Build started 4/15/2014 5:41:50 PM.
     1>Project "C:\Users\Ethan\Documents\Visual Studio 2013\Projects\CMPS164 Lab2\CMPS164 Lab2\CMPS164 Lab2.vcxproj" on node 2 (Build target(s)).
     1>Link:
         C:\Program Files (x86)\Microsoft Visual Studio 12.0\VC\bin\link.exe /ERRORREPORT:PROMPT /OUT:"C:\Users\Ethan\Documents\Visual Studio 2013\Projects\CMPS164 Lab2\Debug\CMPS164 Lab2.exe" /INCREMENTAL /NOLOGO kernel32.lib user32.lib gdi32.lib winspool.lib comdlg32.lib advapi32.lib shell32.lib ole32.lib oleaut32.lib uuid.lib odbc32.lib odbccp32.lib /MANIFEST /MANIFESTUAC:"level='asInvoker' uiAccess='false'" /manifest:embed /DEBUG /PDB:"C:\Users\Ethan\Documents\Visual Studio 2013\Projects\CMPS164 Lab2\Debug\CMPS164 Lab2.pdb" /TLBID:1 /DYNAMICBASE /NXCOMPAT /IMPLIB:"C:\Users\Ethan\Documents\Visual Studio 2013\Projects\CMPS164 Lab2\Debug\CMPS164 Lab2.lib" /MACHINE:X86 Debug\FileParser.obj
         Debug\LevelCreator.obj
         Debug\main.obj
     1>LINK : fatal error LNK1168: cannot open C:\Users\Ethan\Documents\Visual Studio 2013\Projects\CMPS164 Lab2\Debug\CMPS164 Lab2.exe for writing
     1>Done Building Project "C:\Users\Ethan\Documents\Visual Studio 2013\Projects\CMPS164 Lab2\CMPS164 Lab2\CMPS164 Lab2.vcxproj" (Build target(s)) -- FAILED.

Build FAILED.

Time Elapsed 00:00:00.09
